Microsoft (R) Macro Assembler Version 5.10                  10/17/23 08:25:2
                                                             Page     1-1


       1 0000				Code Segment
       2				    assume CS: Code, DS: Data, SS: Stac
					k
       3				
       4 0000				Start:
       5 0000  BF 0082			    mov di, 82h
       6 0003  B9 000A			    mov cx, 10 ;alapértelmezett V0
       7				
       8 0006				Keres:
       9 0006  8A 15			    mov dl, [di]
      10 0008  80 FA 2F			    cmp dl, "/"
      11 000B  74 06			    jz ParamKezdet
      12 000D  47			    inc di
      13 000E  E2 F6			    loop Keres
      14 0010  EB 4C 90			    jmp Default
      15				
      16 0013				ParamKezdet:
      17 0013  47			    inc di
      18 0014  8A 1D			    mov bl, [di]
      19				
      20 0016  80 FB 3F			    cmp bl, 63
      21 0019  74 15			    jz Kiiras
      22				
      23 001B  80 EB 30			    sub bl, 48
      24 001E  47			    inc di
      25				
      26 001F  8A 3D			    mov bh, [di]
      27 0021  80 EF 30			    sub bh, 48
      28				    
      29 0024  B8 000A			    mov ax, 10
      30 0027  F6 E3			    mul bl
      31				
      32 0029  02 C7			    add al, bh
      33 002B  8B C8			    mov cx, ax
      34				
      35 002D  EB 32 90			    jmp Init
      36				
      37 0030				Kiiras:
      38 0030  B8 ---- R		    mov ax,Code
      39 0033  8E D8			    mov ds,ax
      40				
      41 0035  33 FF			    xor di,di
      42 0037  33 F6			    xor si,si
      43				
      44 0039  33 D2			    xor dx,dx
      45						
      46 003B  B4 00				mov ah,00
      47 003D  B0 02				mov al,02
      48 003F  CD 10				int 10h
      49				
      50 0041  BA 00B3 R		    mov dx, offset segitoszoveg
      51 0044  B4 09			    mov ah, 09h
      52 0046  CD 21			    int 21h
      53				
Microsoft (R) Macro Assembler Version 5.10                  10/17/23 08:25:2
                                                             Page     1-2


      54 0048  B2 0A			    mov dl, 10
      55 004A  B4 02			    mov ah, 02h
      56 004C  CD 21			    int 21h
      57 004E  B2 0D			    mov dl, 13
      58 0050  B4 02			    mov ah, 02h
      59 0052  CD 21			    int 21h 
      60				
      61 0054  BA 00D2 R			mov dx, offset segitoszoveg2
      62 0057  B4 09				mov ah,09h
      63 0059  CD 21			    int 21h
      64				
      65 005B  EB 4E 90			    jmp Program_Vege
      66				
      67 005E				Default:
      68 005E  B9 000A			    mov cx, 10
      69				
      70 0061				Init:
      71 0061  B8 ---- R		    mov ax, Code
      72 0064  8E D8			    mov ds, ax
      73				
      74 0066  33 FF			    xor di, di ;golyó sor pozíciója
      75 0068  33 F6			    xor si, si ;golyó sor pozíciója
      76				
      77 006A  33 D2			    xor dx, dx
      78 006C  52			    push dx ;veremben az idő (most 0)
      79				
      80 006D				Torles:
      81 006D  B8 0003			    mov ax, 03h
      82 0070  CD 10			    int 10h
      83				
      84 0072				Rajz:
      85 0072  8B DF			    mov bx, di ;sor koordináta
      86 0074  8A F3			    mov dh, bl ;di alsó bájtja tartal
					mazza
      87 0076  8B DE			    mov bx, si ;oszlop koordináta
      88 0078  8A D3			    mov dl, bl ;si alsó bájtja tartal
					mazza
      89 007A  32 FF			    xor bh, bh
      90 007C  B4 02			    mov ah, 02h
      91 007E  CD 10			    int 10h
      92				
      93 0080  BA 00B1 R		    mov dx, offset labda
      94 0083  B4 09			    mov ah, 09h
      95 0085  CD 21			    int 21h
      96				
      97 0087  58			    pop ax ;idő a veremben
      98 0088  50			    push ax
      99				
     100 0089  8A D8			    mov bl, al
     101 008B  F6 E3			    mul bl
     102 008D  D1 E8			    shr ax, 1 
     103 008F  8B F8			    mov di, ax
     104				
     105 0091  58			    pop ax
Microsoft (R) Macro Assembler Version 5.10                  10/17/23 08:25:2
                                                             Page     1-3


     106 0092  40			    inc ax
     107 0093  50			    push ax
     108 0094  48			    dec ax
     109				
     110 0095  8A D9			    mov bl, cl 
     111 0097  F6 E3			    mul bl 
     112 0099  8B F0			    mov si, ax
     113				
     114 009B  83 FE 50			    cmp si, 80 
     115 009E  73 07			    jnc Var
     116				
     117 00A0  83 FF 19			    cmp di, 25 
     118 00A3  73 02			    jnc Var
     119				
     120 00A5  EB CB			    jmp Rajz
     121				
     122 00A7				Var:
     123 00A7  33 C0			    xor ax, ax
     124 00A9  CD 16			    int 16h
     125				
     126 00AB				Program_Vege:
     127 00AB  59			    pop cx
     128 00AC  B8 4C00			    mov ax, 4c00h
     129 00AF  CD 21			    int 21h
     130				
     131 00B1  4F 24			labda db "O$"
     132				
     133 00B3  41 20 70 72 6F 67	segitoszoveg db "A program alapvetoen 1
					0-el dob$"
     134       72 61 6D 20 61 6C	
     135       61 70 76 65 74 6F	
     136       65 6E 20 31 30 2D	
     137       65 6C 20 64 6F 62	
     138       24			
     139				
     140 00D2  41 20 70 72 6F 67	segitoszoveg2 db "A program meghivasa u
					tan adj meg egy parametert a / jel utan
					$"
     141       72 61 6D 20 6D 65	
     142       67 68 69 76 61 73	
     143       61 20 75 74 61 6E	
     144       20 61 64 6A 20 6D	
     145       65 67 20 65 67 79	
     146       20 70 61 72 61 6D	
     147       65 74 65 72 74 20	
     148       61 20 2F 20 6A 65	
     149       6C 20 75 74 61 6E	
     150       24			
     151				
     152				
     153 010F				Code Ends
     154				
     155 0000				Data Segment
     156 0000				Data Ends
Microsoft (R) Macro Assembler Version 5.10                  10/17/23 08:25:2
                                                             Page     1-4


     157				
     158 0000				Stack Segment
     159 0000				Stack Ends
     160				
     161				End Start
Microsoft (R) Macro Assembler Version 5.10                  10/17/23 08:25:2
                                                             Symbols-1


Segments and Groups:

                N a m e         	Length	 Align	Combine Class

CODE . . . . . . . . . . . . . .  	010F	PARA	NONE	
DATA . . . . . . . . . . . . . .  	0000	PARA	NONE	
STACK  . . . . . . . . . . . . .  	0000	PARA	NONE	

Symbols:            

                N a m e         	Type	 Value	 Attr

DEFAULT  . . . . . . . . . . . .  	L NEAR	005E	CODE

INIT . . . . . . . . . . . . . .  	L NEAR	0061	CODE

KERES  . . . . . . . . . . . . .  	L NEAR	0006	CODE
KIIRAS . . . . . . . . . . . . .  	L NEAR	0030	CODE

LABDA  . . . . . . . . . . . . .  	L BYTE	00B1	CODE

PARAMKEZDET  . . . . . . . . . .  	L NEAR	0013	CODE
PROGRAM_VEGE . . . . . . . . . .  	L NEAR	00AB	CODE

RAJZ . . . . . . . . . . . . . .  	L NEAR	0072	CODE

SEGITOSZOVEG . . . . . . . . . .  	L BYTE	00B3	CODE
SEGITOSZOVEG2  . . . . . . . . .  	L BYTE	00D2	CODE
START  . . . . . . . . . . . . .  	L NEAR	0000	CODE

TORLES . . . . . . . . . . . . .  	L NEAR	006D	CODE

VAR  . . . . . . . . . . . . . .  	L NEAR	00A7	CODE

@CPU . . . . . . . . . . . . . .  	TEXT  0101h		
@FILENAME  . . . . . . . . . . .  	TEXT  MAINEX		
@VERSION . . . . . . . . . . . .  	TEXT  510		


    146 Source  Lines
    146 Total   Lines
     21 Symbols

  47412 + 461863 Bytes symbol space free

      0 Warning Errors
      0 Severe  Errors
