Microsoft (R) Macro Assembler Version 5.10                  11/7/23 15:40:31
                                                             Page     1-1


       1 0000				Code Segment
       2				    assume CS:Code, DS:Data, SS:Stack
       3 0000				Start:
       4 0000  B8 ---- R		    mov ax, Code
       5 0003  8E D8			    mov ds, ax
       6				
       7 0005  B8 0003				mov	ax, 03h
       8 0008  CD 10				int	10h
       9				
      10 000A  BA 008C R			mov	dx, offset kezdoszoveg
      11 000D  B4 09				mov	ah,9
      12 000F  CD 21				int	21h
      13					
      14				
      15 0011  EB 08 90			    jmp Beker
      16				
      17 0014				Bekerhiba:
      18				
      19 0014  BA 007C R		    mov dx, offset hibauzenet
      20 0017  B4 09			    mov ah, 09h
      21 0019  CD 21			    int 21h
      22				
      23 001B				Beker:
      24				
      25 001B  33 C0			    xor ax, ax
      26 001D  CD 16			    int 16h
      27				
      28 001F  3C 31			    cmp al, '1'
      29 0021  7C F1			    jl Bekerhiba
      30				
      31 0023  3C 34			    cmp al, '4'
      32 0025  74 22			    jz Setup
      33				
      34 0027  3C 35			    cmp al, '5'
      35 0029  7D E9			    jge Bekerhiba
      36				
      37 002B  2C 30			    sub al, '0'
      38				
      39 002D  8A C8			    mov cl, al
      40				    
      41 002F  B0 01			    mov al, 1
      42 0031  B3 04			    mov bl, 4
      43				
      44 0033				Szorzo:
      45 0033  F6 E3			    mul bl
      46 0035  E2 FC			    loop Szorzo
      47				
      48 0037  B1 08			    mov cl, 8
      49 0039  F6 F1			    div cl
      50				
      51 003B  8A D8			    mov bl, al
      52 003D  80 C3 30			    add bl, '0'
      53 0040  8A D3			    mov dl, bl
      54				
Microsoft (R) Macro Assembler Version 5.10                  11/7/23 15:40:31
                                                             Page     1-2


      55 0042  B4 02			    mov ah, 02h
      56 0044  CD 21			    int 21h
      57				
      58 0046  EB 2D 90			    jmp Vege
      59				
      60 0049				Setup:
      61 0049  2C 30			    sub al, '0'
      62				
      63 004B  8A C8			    mov cl, al
      64				
      65 004D  B0 01			    mov al, 1
      66 004F  B3 04			    mov bl, 4
      67				
      68 0051				Szorzo2:
      69 0051  F6 E3			    mul bl
      70 0053  E2 FC			    loop Szorzo2
      71				
      72 0055  B1 08			    mov cl, 8
      73 0057  F6 F1			    div cl
      74				
      75 0059  B3 0A			    mov bl, 10
      76 005B  F6 F3			    div bl
      77				
      78 005D  8A D8			    mov bl, al
      79 005F  8A CC			    mov cl, ah
      80 0061  80 C3 30			    add bl, '0'
      81 0064  8A D3			    mov dl, bl
      82				
      83 0066  B4 02			    mov ah, 02h
      84 0068  CD 21			    int 21h
      85				
      86 006A  8A D9			    mov bl, cl
      87 006C  80 C3 30			    add bl, '0'
      88 006F  8A D3			    mov dl, bl
      89				
      90 0071  B4 02			    mov ah, 02h
      91 0073  CD 21			    int 21h
      92				
      93				
      94 0075				Vege:
      95 0075  33 C0			    xor ax, ax
      96 0077  CD 16			    int 16h
      97 0079  EB 30 90			    jmp Program_Vege
      98				
      99 007C				hibauzenet: 
     100 007C  48 69 62 61 73 20	    db "Hibas karakter!$"
     101       6B 61 72 61 6B 74	
     102       65 72 21 24		
     103				
     104 008C				kezdoszoveg: 
     105 008C  28 34 5E 4E 20 2F	    db "(4^N / 8) fuggveny eredmenye: $
					"
     106       20 38 29 20 66 75	
     107       67 67 76 65 6E 79	
Microsoft (R) Macro Assembler Version 5.10                  11/7/23 15:40:31
                                                             Page     1-3


     108       20 65 72 65 64 6D	
     109       65 6E 79 65 3A 20	
     110       24			
     111				
     112 00AB				Program_Vege:
     113 00AB  B8 4C00			    mov ax, 4c00h
     114 00AE  CD 21			    int 21h
     115				
     116 00B0				Code Ends
     117 0000				Data Segment
     118 0000				Data Ends
     119 0000				Stack Segment
     120 0000				Stack Ends
     121				End Start
Microsoft (R) Macro Assembler Version 5.10                  11/7/23 15:40:31
                                                             Symbols-1


Segments and Groups:

                N a m e         	Length	 Align	Combine Class

CODE . . . . . . . . . . . . . .  	00B0	PARA	NONE	
DATA . . . . . . . . . . . . . .  	0000	PARA	NONE	
STACK  . . . . . . . . . . . . .  	0000	PARA	NONE	

Symbols:            

                N a m e         	Type	 Value	 Attr

BEKER  . . . . . . . . . . . . .  	L NEAR	001B	CODE
BEKERHIBA  . . . . . . . . . . .  	L NEAR	0014	CODE

HIBAUZENET . . . . . . . . . . .  	L NEAR	007C	CODE

KEZDOSZOVEG  . . . . . . . . . .  	L NEAR	008C	CODE

PROGRAM_VEGE . . . . . . . . . .  	L NEAR	00AB	CODE

SETUP  . . . . . . . . . . . . .  	L NEAR	0049	CODE
START  . . . . . . . . . . . . .  	L NEAR	0000	CODE
SZORZO . . . . . . . . . . . . .  	L NEAR	0033	CODE
SZORZO2  . . . . . . . . . . . .  	L NEAR	0051	CODE

VEGE . . . . . . . . . . . . . .  	L NEAR	0075	CODE

@CPU . . . . . . . . . . . . . .  	TEXT  0101h		
@FILENAME  . . . . . . . . . . .  	TEXT  main		
@VERSION . . . . . . . . . . . .  	TEXT  510		


    114 Source  Lines
    114 Total   Lines
     18 Symbols

  47468 + 461807 Bytes symbol space free

      0 Warning Errors
      0 Severe  Errors
