Microsoft (R) Macro Assembler Version 5.10                  10/10/23 12:43:4
                                                             Page     1-1


       1 0000				Code Segment
       2				    assume CS: Code, DS: Data, SS: Stac
					k
       3				
       4 0000				Start:
       5 0000  BF 0082			    mov di, 82h
       6 0003  B9 000A			    mov cx, 10 ;alapértelmezett V0
       7				
       8 0006				Keres:
       9 0006  8A 15			    mov dl, [di]
      10 0008  80 FA 2F			    cmp dl, "/"
      11 000B  74 06			    jz ElsoSzam
      12 000D  47			    inc di
      13 000E  E2 F6			    loop Keres
      14 0010  EB 27 90			    jmp Default
      15				
      16 0013				ElsoSzam:
      17 0013  47			    inc di
      18 0014  8A 15			    mov dl, [di]
      19 0016  80 FA 30			    cmp dl, '0'
      20 0019  74 03			    jz Atugor
      21				
      22 001B  EB 05 90			    jmp ParamKezdet
      23				
      24 001E				Atugor:
      25 001E  47			    inc di
      26 001F  EB 01 90			    jmp ParamKezdet
      27				
      28 0022				ParamKezdet:
      29				
      30 0022  8A 1D			    mov bl, [di]
      31 0024  80 EB 30			    sub bl, 48
      32 0027  47			    inc di
      33				
      34 0028  8A 3D			    mov bh, [di]
      35 002A  80 EF 30			    sub bh, 48
      36				    
      37 002D  B8 000A			    mov ax, 10
      38 0030  F6 E3			    mul bl
      39				
      40 0032  02 C7			    add al, bh
      41 0034  8B C8			    mov cx, ax
      42				
      43 0036  EB 04 90			    jmp Init
      44				
      45 0039				Default:
      46 0039  B9 000A			    mov cx, 10
      47				
      48 003C				Init:
      49 003C  B8 ---- R		    mov ax, Code
      50 003F  8E D8			    mov ds, ax
      51				
      52 0041  33 FF			    xor di, di ;golyó sor pozíciója
      53 0043  33 F6			    xor si, si ;golyó sor pozíciója
Microsoft (R) Macro Assembler Version 5.10                  10/10/23 12:43:4
                                                             Page     1-2


      54				
      55 0045  33 D2			    xor dx, dx
      56 0047  52			    push dx ;veremben az idő (most 0)
      57				
      58 0048				Torles:
      59 0048  B8 0003			    mov ax, 03h
      60 004B  CD 10			    int 10h
      61				
      62 004D				Rajz:
      63 004D  8B DF			    mov bx, di ;sor koordináta
      64 004F  8A F3			    mov dh, bl ;di alsó bájtja tartal
					mazza
      65 0051  8B DE			    mov bx, si ;oszlop koordináta
      66 0053  8A D3			    mov dl, bl ;si alsó bájtja tartal
					mazza
      67 0055  32 FF			    xor bh, bh
      68 0057  B4 02			    mov ah, 02h
      69 0059  CD 10			    int 10h
      70				
      71 005B  BA 008C R		    mov dx, offset labda
      72 005E  B4 09			    mov ah, 09h
      73 0060  CD 21			    int 21h
      74				
      75 0062  58			    pop ax ;idő a veremben
      76 0063  50			    push ax
      77				
      78 0064  8A D8			    mov bl, al
      79 0066  F6 E3			    mul bl
      80 0068  D1 E8			    shr ax, 1 
      81 006A  8B F8			    mov di, ax
      82				
      83 006C  58			    pop ax
      84 006D  40			    inc ax
      85 006E  50			    push ax
      86 006F  48			    dec ax
      87				
      88 0070  8A D9			    mov bl, cl 
      89 0072  F6 E3			    mul bl 
      90 0074  8B F0			    mov si, ax
      91				
      92 0076  83 FE 50			    cmp si, 80 
      93 0079  73 07			    jnc Var
      94				
      95 007B  83 FF 19			    cmp di, 25 
      96 007E  73 02			    jnc Var
      97				
      98 0080  EB CB			    jmp Rajz
      99				
     100 0082				Var:
     101 0082  33 C0			    xor ax, ax
     102 0084  CD 16			    int 16h
     103				
     104 0086				Program_Vege:
     105 0086  59			    pop cx
Microsoft (R) Macro Assembler Version 5.10                  10/10/23 12:43:4
                                                             Page     1-3


     106 0087  B8 4C00			    mov ax, 4c00h
     107 008A  CD 21			    int 21h
     108				
     109 008C  4F 24			labda db "O$"
     110				
     111 008E				Code Ends
     112				
     113 0000				Data Segment
     114 0000				Data Ends
     115				
     116 0000				Stack Segment
     117 0000				Stack Ends
     118				
     119				End Start
Microsoft (R) Macro Assembler Version 5.10                  10/10/23 12:43:4
                                                             Symbols-1


Segments and Groups:

                N a m e         	Length	 Align	Combine Class

CODE . . . . . . . . . . . . . .  	008E	PARA	NONE	
DATA . . . . . . . . . . . . . .  	0000	PARA	NONE	
STACK  . . . . . . . . . . . . .  	0000	PARA	NONE	

Symbols:            

                N a m e         	Type	 Value	 Attr

ATUGOR . . . . . . . . . . . . .  	L NEAR	001E	CODE

DEFAULT  . . . . . . . . . . . .  	L NEAR	0039	CODE

ELSOSZAM . . . . . . . . . . . .  	L NEAR	0013	CODE

INIT . . . . . . . . . . . . . .  	L NEAR	003C	CODE

KERES  . . . . . . . . . . . . .  	L NEAR	0006	CODE

LABDA  . . . . . . . . . . . . .  	L BYTE	008C	CODE

PARAMKEZDET  . . . . . . . . . .  	L NEAR	0022	CODE
PROGRAM_VEGE . . . . . . . . . .  	L NEAR	0086	CODE

RAJZ . . . . . . . . . . . . . .  	L NEAR	004D	CODE

START  . . . . . . . . . . . . .  	L NEAR	0000	CODE

TORLES . . . . . . . . . . . . .  	L NEAR	0048	CODE

VAR  . . . . . . . . . . . . . .  	L NEAR	0082	CODE

@CPU . . . . . . . . . . . . . .  	TEXT  0101h		
@FILENAME  . . . . . . . . . . .  	TEXT  subex1		
@VERSION . . . . . . . . . . . .  	TEXT  510		


    119 Source  Lines
    119 Total   Lines
     20 Symbols

  47412 + 461863 Bytes symbol space free

      0 Warning Errors
      0 Severe  Errors
