Microsoft (R) Macro Assembler Version 5.10                  10/10/23 15:29:3
                                                             Page     1-1


       1 0000				Code Segment 
       2				assume CS:Code, DS:Data, SS:Stack
       3				
       4 0000				Start:
       5 0000  B8 ---- R		    mov ax, Code
       6 0003  8E D8			    mov DS, ax
       7				
       8 0005  33 FF			    xor di, di
       9 0007  BE 0001			    mov si, 1
      10				
      11 000A  33 D2			    xor dx, dx
      12 000C  52			    push dx
      13				
      14 000D				Torles:
      15 000D  B8 0003			    mov ax, 03h
      16 0010  CD 10			    int 10h
      17				
      18 0012  8B D7			    mov dx, di
      19 0014  8A F2			    mov dh, dl
      20				
      21 0016  B2 28			    mov dl, 40
      22 0018  32 FF			    xor bh, bh
      23 001A  B4 02			    mov ah, 02h
      24 001C  CD 10			    int 10h
      25				
      26 001E  BA 00A0 R		    mov dx, offset labda
      27 0021  B4 09			    mov ah, 09h
      28 0023  CD 21			    int 21h
      29				
      30 0025				Kesleltet: 
      31 0025  B4 01			    mov ah, 01h
      32 0027  CD 16			    int 16h
      33 0029  75 6F			    jnz Program_Vege
      34				
      35 002B  74 08			    jz nincsbill
      36 002D  B4 00			    mov ah, 00h
      37 002F  CD 16			    int 16h
      38 0031  3C 1B			    cmp al, 27
      39 0033  74 65			    jz Program_Vege
      40				
      41 0035				nincsbill:
      42 0035  32 E4			    xor ah, ah
      43 0037  CD 1A			    int 1ah
      44				
      45 0039  59			    pop cx
      46 003A  51			    push cx
      47 003B  8B C2			    mov ax, dx
      48 003D  2B D1			    sub dx, cx
      49 003F  50			    push ax
      50				
      51 0040  83 FF 05			    cmp di, 5
      52 0043  73 05			    jnc Ido1
      53 0045  B0 10			    mov al, 16
      54 0047  EB 21 90			    jmp Beallit
Microsoft (R) Macro Assembler Version 5.10                  10/10/23 15:29:3
                                                             Page     1-2


      55				
      56 004A				Ido1:
      57 004A  83 FF 0A			    cmp di, 10
      58 004D  73 05			    jnc Ido2
      59 004F  B0 08			    mov al, 8
      60 0051  EB 17 90			    jmp Beallit
      61				
      62 0054				Ido2:
      63 0054  83 FF 0F			    cmp di, 15
      64 0057  73 05			    jnc Ido3
      65 0059  B0 08			    mov al, 8
      66 005B  EB 0D 90			    jmp Beallit
      67				
      68 005E				Ido3:
      69 005E  83 FF 14			    cmp di, 20
      70 0061  73 05			    jnc Ido4
      71 0063  B0 02			    mov al, 2
      72 0065  EB 03 90			    jmp Beallit
      73				
      74 0068				Ido4:
      75 0068  B0 01			    mov al, 1
      76				
      77 006A				Beallit:
      78				
      79 006A  32 E4			    xor ah, ah
      80 006C  3B D0			    cmp dx, ax
      81				
      82 006E  58			    pop ax
      83				
      84 006F  72 B4			    jc Kesleltet
      85				
      86 0071  59			    pop cx
      87 0072  50			    push ax
      88				
      89 0073  83 FF 00			    cmp di, 0
      90 0076  74 18			    jz Lefele
      91				
      92 0078  83 FF 18			    cmp di, 24
      93 007B  74 18			    jz Felfele
      94				
      95 007D				Mozgas:
      96				
      97 007D  8B D7			    mov dx, di
      98 007F  8A F2			    mov dh, dl
      99				
     100 0081  B2 28			    mov dl, 40
     101				
     102 0083  B4 02			    mov ah, 02h
     103 0085  CD 10			    int 10h
     104				
     105 0087  BA 00A2 R		    mov dx, offset Szokoz
     106 008A  B4 09			    mov ah, 09h
     107 008C  CD 21			    int 21h
     108				
Microsoft (R) Macro Assembler Version 5.10                  10/10/23 15:29:3
                                                             Page     1-3


     109 008E  03 FE			    add di, si
     110				    
     111 0090				Lefele:
     112 0090  BE 0001			    mov si, 1
     113 0093  EB E8			    jmp Mozgas
     114				
     115 0095				Felfele:
     116 0095  BE FFFF			    mov si, -1
     117 0098  EB E3			    jmp Mozgas
     118				
     119 009A				Program_Vege:
     120 009A  59			    pop cx
     121 009B  B8 4C00			    mov ax, 4c00h
     122 009E  CD 21			    int 21h
     123				
     124 00A0				labda:
     125 00A0  4F 24			    db 'O$'
     126				
     127 00A2				Szokoz:
     128 00A2  20 24			    db ' $'
     129				
     130 00A4				Code Ends
     131				
     132 0000				Data Segment
     133 0000				Data Ends
     134				
     135 0000				Stack Segment
     136 0000				Stack Ends
     137				    End Start
Microsoft (R) Macro Assembler Version 5.10                  10/10/23 15:29:3
                                                             Symbols-1


Segments and Groups:

                N a m e         	Length	 Align	Combine Class

CODE . . . . . . . . . . . . . .  	00A4	PARA	NONE	
DATA . . . . . . . . . . . . . .  	0000	PARA	NONE	
STACK  . . . . . . . . . . . . .  	0000	PARA	NONE	

Symbols:            

                N a m e         	Type	 Value	 Attr

BEALLIT  . . . . . . . . . . . .  	L NEAR	006A	CODE

FELFELE  . . . . . . . . . . . .  	L NEAR	0095	CODE

IDO1 . . . . . . . . . . . . . .  	L NEAR	004A	CODE
IDO2 . . . . . . . . . . . . . .  	L NEAR	0054	CODE
IDO3 . . . . . . . . . . . . . .  	L NEAR	005E	CODE
IDO4 . . . . . . . . . . . . . .  	L NEAR	0068	CODE

KESLELTET  . . . . . . . . . . .  	L NEAR	0025	CODE

LABDA  . . . . . . . . . . . . .  	L NEAR	00A0	CODE
LEFELE . . . . . . . . . . . . .  	L NEAR	0090	CODE

MOZGAS . . . . . . . . . . . . .  	L NEAR	007D	CODE

NINCSBILL  . . . . . . . . . . .  	L NEAR	0035	CODE

PROGRAM_VEGE . . . . . . . . . .  	L NEAR	009A	CODE

START  . . . . . . . . . . . . .  	L NEAR	0000	CODE
SZOKOZ . . . . . . . . . . . . .  	L NEAR	00A2	CODE

TORLES . . . . . . . . . . . . .  	L NEAR	000D	CODE

@CPU . . . . . . . . . . . . . .  	TEXT  0101h		
@FILENAME  . . . . . . . . . . .  	TEXT  subex		
@VERSION . . . . . . . . . . . .  	TEXT  510		


    137 Source  Lines
    137 Total   Lines
     23 Symbols

  47430 + 461845 Bytes symbol space free

      0 Warning Errors
      0 Severe  Errors
